2020-12-29 14:27:11,777 INFO org.springframework.boot.StartupInfoLogger [main] Starting DeveloperCourseAssignment using Java 13.0.1 on DESKTOP-1BSIP69 with PID 5272 (C:\Users\Jovan\Downloads\java_test_assignment-main\target\classes started by Jovan in C:\Users\Jovan\Downloads\java_test_assignment-main)
2020-12-29 14:27:11,781 DEBUG org.springframework.boot.StartupInfoLogger [main] Running with Spring Boot v2.4.1, Spring v5.3.2
2020-12-29 14:27:11,782 INFO org.springframework.boot.SpringApplication [main] No active profile set, falling back to default profiles: default
2020-12-29 14:27:15,882 INFO org.springframework.boot.StartupInfoLogger [main] Started DeveloperCourseAssignment in 4.445 seconds (JVM running for 5.287)
2020-12-29 14:28:49,426 INFO com.alasdoo.developercourseassignment.tests.course.CourseCrudTest [main] Navigated to http://localhost:3000/course
2020-12-29 14:28:49,811 INFO com.alasdoo.developercourseassignment.tests.course.CourseCrudTest [main] Opened form for addition of new course at http://localhost:3000/course/new
2020-12-29 14:38:06,299 INFO org.springframework.boot.StartupInfoLogger [main] Starting DeveloperCourseAssignment using Java 1.8.0_181 on DESKTOP-1BSIP69 with PID 7360 (C:\Users\Jovan\Downloads\java_test_assignment-main\target\classes started by Jovan in C:\Users\Jovan\Downloads\java_test_assignment-main)
2020-12-29 14:38:06,301 DEBUG org.springframework.boot.StartupInfoLogger [main] Running with Spring Boot v2.4.1, Spring v5.3.2
2020-12-29 14:38:06,302 INFO org.springframework.boot.SpringApplication [main] No active profile set, falling back to default profiles: default
2020-12-29 14:38:10,378 INFO org.springframework.boot.StartupInfoLogger [main] Started DeveloperCourseAssignment in 4.934 seconds (JVM running for 6.324)
2020-12-29 14:47:16,917 INFO org.springframework.boot.StartupInfoLogger [main] Starting DeveloperCourseAssignment using Java 1.8.0_181 on DESKTOP-1BSIP69 with PID 224 (C:\Users\Jovan\Downloads\java_test_assignment-main\target\classes started by Jovan in C:\Users\Jovan\Downloads\java_test_assignment-main)
2020-12-29 14:47:16,920 DEBUG org.springframework.boot.StartupInfoLogger [main] Running with Spring Boot v2.4.1, Spring v5.3.2
2020-12-29 14:47:16,920 INFO org.springframework.boot.SpringApplication [main] No active profile set, falling back to default profiles: default
2020-12-29 14:47:21,407 INFO org.springframework.boot.StartupInfoLogger [main] Started DeveloperCourseAssignment in 5.23 seconds (JVM running for 6.544)
2020-12-29 14:47:47,517 INFO com.alasdoo.developercourseassignment.tests.course.CourseCrudTest [main] Navigated to http://localhost:3000/course
2020-12-29 14:47:47,896 INFO com.alasdoo.developercourseassignment.tests.course.CourseCrudTest [main] Opened form for addition of new course at http://localhost:3000/course/new
2020-12-29 14:47:48,875 DEBUG com.alasdoo.developercourseassignment.tests.course.CourseCrudTest [main] Entering course data...
2020-12-29 14:47:49,659 INFO com.alasdoo.developercourseassignment.tests.course.CourseCrudTest [main] Created a new course with name=Test course, cost=10 and number of weekly classes=40
2020-12-29 14:47:49,660 DEBUG com.alasdoo.developercourseassignment.tests.course.CourseCrudTest [main] Asserting the entered data...
2020-12-29 14:47:49,722 INFO com.alasdoo.developercourseassignment.tests.course.CourseCrudTest [main] Opened form for course update at http://localhost:3000/course/21
2020-12-29 14:47:50,880 DEBUG com.alasdoo.developercourseassignment.tests.course.CourseCrudTest [main] Entering course update data...
2020-12-29 14:47:51,325 INFO com.alasdoo.developercourseassignment.tests.course.CourseCrudTest [main] Updated a course with following data: name=Updated test course, cost=12 and number of weekly classes=42
2020-12-29 14:47:51,326 DEBUG com.alasdoo.developercourseassignment.tests.course.CourseCrudTest [main] Asserting the update data...
2020-12-29 14:47:51,832 INFO com.alasdoo.developercourseassignment.tests.course.CourseCrudTest [main] Removed selected course and navigated to http://localhost:3000/course
2020-12-29 14:47:51,833 DEBUG com.alasdoo.developercourseassignment.tests.course.CourseCrudTest [main] Asserting the remove operation...
2020-12-29 14:48:01,931 INFO com.alasdoo.developercourseassignment.tests.course.CourseCrudTest [main] CourseCrudTest finished successfully.
2020-12-29 15:22:11,251 INFO org.springframework.boot.StartupInfoLogger [main] Starting DeveloperCourseAssignment using Java 1.8.0_181 on DESKTOP-1BSIP69 with PID 7924 (C:\Users\Jovan\Downloads\java_test_assignment-main\target\classes started by Jovan in C:\Users\Jovan\Downloads\java_test_assignment-main)
2020-12-29 15:22:11,253 DEBUG org.springframework.boot.StartupInfoLogger [main] Running with Spring Boot v2.4.1, Spring v5.3.2
2020-12-29 15:22:11,254 INFO org.springframework.boot.SpringApplication [main] No active profile set, falling back to default profiles: default
2020-12-29 15:22:15,261 INFO org.springframework.boot.StartupInfoLogger [main] Started DeveloperCourseAssignment in 4.79 seconds (JVM running for 6.224)
2020-12-29 15:22:36,029 INFO com.alasdoo.developercourseassignment.tests.data.DataInjectionTest [main] DataInjectionTest started.
2020-12-29 15:22:38,388 INFO com.alasdoo.developercourseassignment.tests.data.DataInjectionTest [main] Navigated to http://localhost:3000/settings
2020-12-29 15:22:38,390 DEBUG com.alasdoo.developercourseassignment.tests.data.DataInjectionTest [main] Injecting predefined data to database...
2020-12-29 15:22:38,492 INFO com.alasdoo.developercourseassignment.tests.data.DataInjectionTest [main] Data injected at http://localhost:3000/settings
2020-12-29 15:22:38,493 DEBUG com.alasdoo.developercourseassignment.tests.data.DataInjectionTest [main] Asserting the data injection info...
2020-12-29 15:22:40,486 INFO com.alasdoo.developercourseassignment.tests.data.DataInjectionTest [main] Data successfully asserted.
2020-12-29 15:22:40,486 INFO com.alasdoo.developercourseassignment.tests.data.DataInjectionTest [main] DataInjectionTest finished successfully.
2020-12-29 15:22:43,427 INFO com.alasdoo.developercourseassignment.tests.student.AddNewStudentTest [main] AddNewStudentTest started.
2020-12-29 15:22:46,964 INFO com.alasdoo.developercourseassignment.tests.student.AddNewStudentTest [main] Navigated to http://localhost:3000/student
2020-12-29 15:22:46,964 DEBUG com.alasdoo.developercourseassignment.tests.student.AddNewStudentTest [main] Opening form for addition of new student...
2020-12-29 15:22:47,348 INFO com.alasdoo.developercourseassignment.tests.student.AddNewStudentTest [main] Opened form for student addition at http://localhost:3000/student/new
2020-12-29 15:22:47,348 DEBUG com.alasdoo.developercourseassignment.tests.student.AddNewStudentTest [main] Entering data about student...
2020-12-29 15:22:49,036 DEBUG com.alasdoo.developercourseassignment.tests.student.AddNewStudentTest [main] Confirming entered data...
2020-12-29 15:22:49,830 INFO com.alasdoo.developercourseassignment.tests.student.AddNewStudentTest [main] Added new student: John Doe and navigated to http://localhost:3000/student/21
2020-12-29 15:22:49,830 DEBUG com.alasdoo.developercourseassignment.tests.student.AddNewStudentTest [main] Asserting the entered data...
2020-12-29 15:22:49,871 INFO com.alasdoo.developercourseassignment.tests.student.AddNewStudentTest [main] Data successfully asserted.
2020-12-29 15:22:49,872 INFO com.alasdoo.developercourseassignment.tests.student.AddNewStudentTest [main] AddNewStudentTest successfully finished.
2020-12-29 15:22:52,716 INFO com.alasdoo.developercourseassignment.tests.student.StudentCourseCrudTest [main] StudentCourseCrudTest started.
2020-12-29 15:22:56,386 INFO com.alasdoo.developercourseassignment.tests.student.StudentCourseCrudTest [main] Navigated to http://localhost:3000/student/21
2020-12-29 15:22:56,386 DEBUG com.alasdoo.developercourseassignment.tests.student.StudentCourseCrudTest [main] Opening list of courses student has signed for...
2020-12-29 15:22:57,049 INFO com.alasdoo.developercourseassignment.tests.student.StudentCourseCrudTest [main] Opened student's course list at http://localhost:3000/student/21/courses
2020-12-29 15:22:57,049 DEBUG com.alasdoo.developercourseassignment.tests.student.StudentCourseCrudTest [main] Adding a new course...
2020-12-29 15:22:57,357 DEBUG com.alasdoo.developercourseassignment.tests.student.StudentCourseCrudTest [main] Selecting a course and entering number of classes...
2020-12-29 15:22:58,363 DEBUG com.alasdoo.developercourseassignment.tests.student.StudentCourseCrudTest [main] Confirming selection...
2020-12-29 15:22:58,951 INFO com.alasdoo.developercourseassignment.tests.student.StudentCourseCrudTest [main] Assigned student to a new course: Mauris eu turpis.
2020-12-29 15:22:58,952 DEBUG com.alasdoo.developercourseassignment.tests.student.StudentCourseCrudTest [main] Asserting the entered data...
2020-12-29 15:22:58,966 INFO com.alasdoo.developercourseassignment.tests.student.StudentCourseCrudTest [main] Data successfully asserted.
2020-12-29 15:22:58,982 DEBUG com.alasdoo.developercourseassignment.tests.student.StudentCourseCrudTest [main] Updating number of classes for course with name=Mauris eu turpis.
2020-12-29 15:22:59,881 DEBUG com.alasdoo.developercourseassignment.tests.student.StudentCourseCrudTest [main] Asserting the update data...
2020-12-29 15:23:00,428 INFO com.alasdoo.developercourseassignment.tests.student.StudentCourseCrudTest [main] Data successfully asserted.
2020-12-29 15:23:00,429 DEBUG com.alasdoo.developercourseassignment.tests.student.StudentCourseCrudTest [main] Removing selected course from student's course list...
2020-12-29 15:23:01,178 DEBUG com.alasdoo.developercourseassignment.tests.student.StudentCourseCrudTest [main] Asserting the remove operation...
2020-12-29 15:23:01,446 INFO com.alasdoo.developercourseassignment.tests.student.StudentCourseCrudTest [main] Operation successfully asserted.
2020-12-29 15:23:01,446 INFO com.alasdoo.developercourseassignment.tests.student.StudentCourseCrudTest [main] StudentCourseCrudTest successfully finished.
2020-12-29 15:23:04,399 INFO com.alasdoo.developercourseassignment.tests.student.UpdateDeleteStudentTest [main] UpdateDeleteStudentTest started.
2020-12-29 15:23:08,404 INFO com.alasdoo.developercourseassignment.tests.student.UpdateDeleteStudentTest [main] Navigated to http://localhost:3000/student
2020-12-29 15:23:08,406 DEBUG com.alasdoo.developercourseassignment.tests.student.UpdateDeleteStudentTest [main] Opening list of students in system...
2020-12-29 15:23:08,917 INFO com.alasdoo.developercourseassignment.tests.student.UpdateDeleteStudentTest [main] Opened student list at http://localhost:3000/student/1
2020-12-29 15:23:08,917 DEBUG com.alasdoo.developercourseassignment.tests.student.UpdateDeleteStudentTest [main] Updating personal information about student...
2020-12-29 15:23:10,437 DEBUG com.alasdoo.developercourseassignment.tests.student.UpdateDeleteStudentTest [main] Confirming entered data...
2020-12-29 15:23:10,941 INFO com.alasdoo.developercourseassignment.tests.student.UpdateDeleteStudentTest [main] Updated student: Jack Jackson
2020-12-29 15:23:10,941 DEBUG com.alasdoo.developercourseassignment.tests.student.UpdateDeleteStudentTest [main] Asserting the entered data...
2020-12-29 15:23:10,978 INFO com.alasdoo.developercourseassignment.tests.student.UpdateDeleteStudentTest [main] Data successfully asserted.
2020-12-29 15:23:10,979 DEBUG com.alasdoo.developercourseassignment.tests.student.UpdateDeleteStudentTest [main] Removing selected student from the system...
2020-12-29 15:23:11,428 DEBUG com.alasdoo.developercourseassignment.tests.student.UpdateDeleteStudentTest [main] Asserting the remove operation...
2020-12-29 15:23:21,485 INFO com.alasdoo.developercourseassignment.tests.student.UpdateDeleteStudentTest [main] Operation successfully asserted.
2020-12-29 15:23:21,486 INFO com.alasdoo.developercourseassignment.tests.student.UpdateDeleteStudentTest [main] UpdateDeleteStudentTest successfully finished.
2020-12-29 15:23:24,350 INFO com.alasdoo.developercourseassignment.tests.teacher.AddNewTeacherTest [main] AddNewTeacherTest started.
2020-12-29 15:23:27,721 INFO com.alasdoo.developercourseassignment.tests.teacher.AddNewTeacherTest [main] Navigated to http://localhost:3000/teacher
2020-12-29 15:23:27,722 DEBUG com.alasdoo.developercourseassignment.tests.teacher.AddNewTeacherTest [main] Opening form for addition of new teacher...
2020-12-29 15:23:28,085 INFO com.alasdoo.developercourseassignment.tests.teacher.AddNewTeacherTest [main] Opened form for teacher addition at http://localhost:3000/teacher/new
2020-12-29 15:23:28,085 DEBUG com.alasdoo.developercourseassignment.tests.teacher.AddNewTeacherTest [main] Entering data about teacher...
2020-12-29 15:23:29,289 DEBUG com.alasdoo.developercourseassignment.tests.teacher.AddNewTeacherTest [main] Confirming entered data...
2020-12-29 15:23:29,943 INFO com.alasdoo.developercourseassignment.tests.teacher.AddNewTeacherTest [main] Added new teacher: Marco Marconi and navigated to http://localhost:3000/teacher/21
2020-12-29 15:23:29,944 DEBUG com.alasdoo.developercourseassignment.tests.teacher.AddNewTeacherTest [main] Asserting the entered data...
2020-12-29 15:23:29,985 INFO com.alasdoo.developercourseassignment.tests.teacher.AddNewTeacherTest [main] Data successfully asserted.
2020-12-29 15:23:29,986 INFO com.alasdoo.developercourseassignment.tests.teacher.AddNewTeacherTest [main] AddNewTeacherTest successfully finished.
2020-12-29 15:23:32,818 INFO com.alasdoo.developercourseassignment.tests.teacher.TeacherCourseCrudTest [main] TeacherCourseCrudTest started.
2020-12-29 15:23:36,405 INFO com.alasdoo.developercourseassignment.tests.teacher.TeacherCourseCrudTest [main] Navigated to http://localhost:3000/teacher/21
2020-12-29 15:23:36,406 DEBUG com.alasdoo.developercourseassignment.tests.teacher.TeacherCourseCrudTest [main] Opening list of courses teacher is assigned to...
2020-12-29 15:23:37,024 INFO com.alasdoo.developercourseassignment.tests.teacher.TeacherCourseCrudTest [main] Opened teacher's course list at http://localhost:3000/teacher/21/courses
2020-12-29 15:23:37,024 DEBUG com.alasdoo.developercourseassignment.tests.teacher.TeacherCourseCrudTest [main] Adding a new course...
2020-12-29 15:23:37,324 DEBUG com.alasdoo.developercourseassignment.tests.teacher.TeacherCourseCrudTest [main] Selecting a course and entering number of classes...
2020-12-29 15:23:37,908 DEBUG com.alasdoo.developercourseassignment.tests.teacher.TeacherCourseCrudTest [main] Confirming selection...
2020-12-29 15:23:38,799 INFO com.alasdoo.developercourseassignment.tests.teacher.TeacherCourseCrudTest [main] Assigned teacher to a new course: Mauris eu turpis.
2020-12-29 15:23:38,799 DEBUG com.alasdoo.developercourseassignment.tests.teacher.TeacherCourseCrudTest [main] Asserting the entered data...
2020-12-29 15:23:38,812 INFO com.alasdoo.developercourseassignment.tests.teacher.TeacherCourseCrudTest [main] Data successfully asserted.
2020-12-29 15:23:38,812 DEBUG com.alasdoo.developercourseassignment.tests.teacher.TeacherCourseCrudTest [main] Removing selected course from teacher's course list...
2020-12-29 15:23:39,425 DEBUG com.alasdoo.developercourseassignment.tests.teacher.TeacherCourseCrudTest [main] Asserting the remove operation...
2020-12-29 15:23:39,513 INFO com.alasdoo.developercourseassignment.tests.teacher.TeacherCourseCrudTest [main] Operation successfully asserted.
2020-12-29 15:23:39,513 INFO com.alasdoo.developercourseassignment.tests.teacher.TeacherCourseCrudTest [main] TeacherCourseCrudTest successfully finished.
2020-12-29 15:23:42,390 INFO com.alasdoo.developercourseassignment.tests.teacher.UpdateDeleteTeacherTest [main] UpdateDeleteTeacherTest started.
2020-12-29 15:23:45,707 INFO com.alasdoo.developercourseassignment.tests.teacher.UpdateDeleteTeacherTest [main] Navigated to http://localhost:3000/teacher
2020-12-29 15:23:45,707 DEBUG com.alasdoo.developercourseassignment.tests.teacher.UpdateDeleteTeacherTest [main] Opening list of teachers in system...
2020-12-29 15:23:46,140 INFO com.alasdoo.developercourseassignment.tests.teacher.UpdateDeleteTeacherTest [main] Opened teacher list at http://localhost:3000/teacher/3
2020-12-29 15:23:46,141 DEBUG com.alasdoo.developercourseassignment.tests.teacher.UpdateDeleteTeacherTest [main] Updating personal information about teacher...
2020-12-29 15:23:47,491 DEBUG com.alasdoo.developercourseassignment.tests.teacher.UpdateDeleteTeacherTest [main] Confirming entered data...
2020-12-29 15:23:47,906 INFO com.alasdoo.developercourseassignment.tests.teacher.UpdateDeleteTeacherTest [main] Updated teacher: Magnus Magnusson
2020-12-29 15:23:47,906 DEBUG com.alasdoo.developercourseassignment.tests.teacher.UpdateDeleteTeacherTest [main] Asserting the entered data...
2020-12-29 15:23:47,937 INFO com.alasdoo.developercourseassignment.tests.teacher.UpdateDeleteTeacherTest [main] Data successfully asserted.
2020-12-29 15:23:47,937 DEBUG com.alasdoo.developercourseassignment.tests.teacher.UpdateDeleteTeacherTest [main] Removing selected teacher from the system...
2020-12-29 15:23:48,356 DEBUG com.alasdoo.developercourseassignment.tests.teacher.UpdateDeleteTeacherTest [main] Asserting the remove operation...
2020-12-29 15:23:59,523 INFO com.alasdoo.developercourseassignment.tests.teacher.UpdateDeleteTeacherTest [main] Operation successfully asserted.
2020-12-29 15:23:59,524 INFO com.alasdoo.developercourseassignment.tests.teacher.UpdateDeleteTeacherTest [main] UpdateDeleteTeacherTest successfully finished.
2020-12-29 15:24:02,508 INFO com.alasdoo.developercourseassignment.tests.course.CourseCrudTest [main] CourseCrudTest started.
2020-12-29 15:24:06,226 INFO com.alasdoo.developercourseassignment.tests.course.CourseCrudTest [main] Navigated to http://localhost:3000/course
2020-12-29 15:24:06,579 INFO com.alasdoo.developercourseassignment.tests.course.CourseCrudTest [main] Opened form for addition of new course at http://localhost:3000/course/new
2020-12-29 15:24:07,495 DEBUG com.alasdoo.developercourseassignment.tests.course.CourseCrudTest [main] Entering course data...
2020-12-29 15:24:08,237 INFO com.alasdoo.developercourseassignment.tests.course.CourseCrudTest [main] Created a new course with name=Test course, cost=10 and number of weekly classes=40
2020-12-29 15:24:08,237 DEBUG com.alasdoo.developercourseassignment.tests.course.CourseCrudTest [main] Asserting the entered data...
2020-12-29 15:24:08,293 INFO com.alasdoo.developercourseassignment.tests.course.CourseCrudTest [main] Data successfully asserted.
2020-12-29 15:24:08,296 INFO com.alasdoo.developercourseassignment.tests.course.CourseCrudTest [main] Opened form for course update at http://localhost:3000/course/21
2020-12-29 15:24:09,311 DEBUG com.alasdoo.developercourseassignment.tests.course.CourseCrudTest [main] Entering course update data...
2020-12-29 15:24:09,741 INFO com.alasdoo.developercourseassignment.tests.course.CourseCrudTest [main] Updated a course with following data: name=Updated test course, cost=12 and number of weekly classes=42
2020-12-29 15:24:09,742 DEBUG com.alasdoo.developercourseassignment.tests.course.CourseCrudTest [main] Asserting the update data...
2020-12-29 15:24:09,788 INFO com.alasdoo.developercourseassignment.tests.course.CourseCrudTest [main] Data successfully asserted.
2020-12-29 15:24:10,244 INFO com.alasdoo.developercourseassignment.tests.course.CourseCrudTest [main] Removed selected course and navigated to http://localhost:3000/course
2020-12-29 15:24:10,244 DEBUG com.alasdoo.developercourseassignment.tests.course.CourseCrudTest [main] Asserting the remove operation...
2020-12-29 15:24:20,260 INFO com.alasdoo.developercourseassignment.tests.course.CourseCrudTest [main] Operation successfully asserted.
2020-12-29 15:24:20,261 INFO com.alasdoo.developercourseassignment.tests.course.CourseCrudTest [main] CourseCrudTest finished successfully.
2020-12-29 15:28:29,119 INFO org.springframework.boot.StartupInfoLogger [main] Starting DeveloperCourseAssignment using Java 13.0.1 on DESKTOP-1BSIP69 with PID 10424 (C:\Users\Jovan\Downloads\java_test_assignment-main\target\classes started by Jovan in C:\Users\Jovan\Downloads\java_test_assignment-main)
2020-12-29 15:28:29,123 DEBUG org.springframework.boot.StartupInfoLogger [main] Running with Spring Boot v2.4.1, Spring v5.3.2
2020-12-29 15:28:29,124 INFO org.springframework.boot.SpringApplication [main] No active profile set, falling back to default profiles: default
2020-12-29 15:28:33,171 INFO org.springframework.boot.StartupInfoLogger [main] Started DeveloperCourseAssignment in 4.393 seconds (JVM running for 4.935)
2020-12-29 15:38:32,653 INFO org.springframework.boot.StartupInfoLogger [main] Starting DeveloperCourseAssignment using Java 13.0.1 on DESKTOP-1BSIP69 with PID 10136 (C:\Users\Jovan\Downloads\java_test_assignment-main\target\classes started by Jovan in C:\Users\Jovan\Downloads\java_test_assignment-main)
2020-12-29 15:38:32,653 DEBUG org.springframework.boot.StartupInfoLogger [main] Running with Spring Boot v2.4.1, Spring v5.3.2
2020-12-29 15:38:32,658 INFO org.springframework.boot.SpringApplication [main] No active profile set, falling back to default profiles: default
2020-12-29 15:38:36,634 INFO org.springframework.boot.StartupInfoLogger [main] Started DeveloperCourseAssignment in 4.317 seconds (JVM running for 4.985)
2020-12-29 15:43:57,601 INFO org.springframework.boot.StartupInfoLogger [main] Starting DeveloperCourseAssignment using Java 1.8.0_181 on DESKTOP-1BSIP69 with PID 7796 (C:\Users\Jovan\Downloads\java_test_assignment-main\target\classes started by Jovan in C:\Users\Jovan\Downloads\java_test_assignment-main)
2020-12-29 15:43:57,604 DEBUG org.springframework.boot.StartupInfoLogger [main] Running with Spring Boot v2.4.1, Spring v5.3.2
2020-12-29 15:43:57,605 INFO org.springframework.boot.SpringApplication [main] No active profile set, falling back to default profiles: default
2020-12-29 15:44:02,084 INFO org.springframework.boot.StartupInfoLogger [main] Started DeveloperCourseAssignment in 4.967 seconds (JVM running for 6.234)
2020-12-29 15:44:35,892 INFO com.alasdoo.developercourseassignment.tests.data.DataInjectionTest [main] DataInjectionTest started.
2020-12-29 15:47:12,792 INFO org.springframework.boot.StartupInfoLogger [main] Starting DeveloperCourseAssignment using Java 13.0.1 on DESKTOP-1BSIP69 with PID 10312 (C:\Users\Jovan\Downloads\java_test_assignment-main\target\classes started by Jovan in C:\Users\Jovan\Downloads\java_test_assignment-main)
2020-12-29 15:47:12,795 DEBUG org.springframework.boot.StartupInfoLogger [main] Running with Spring Boot v2.4.1, Spring v5.3.2
2020-12-29 15:47:12,797 INFO org.springframework.boot.SpringApplication [main] No active profile set, falling back to default profiles: default
2020-12-29 15:47:16,885 INFO org.springframework.boot.StartupInfoLogger [main] Started DeveloperCourseAssignment in 4.441 seconds (JVM running for 5.033)
2020-12-29 15:48:01,901 INFO com.alasdoo.developercourseassignment.tests.data.DataInjectionTest [main] DataInjectionTest started.
2020-12-29 15:48:03,130 INFO com.alasdoo.developercourseassignment.tests.data.DataInjectionTest [main] Navigated to http://localhost:3000/settings
2020-12-29 15:48:03,132 DEBUG com.alasdoo.developercourseassignment.tests.data.DataInjectionTest [main] Injecting predefined data to database...
2020-12-29 15:48:03,275 INFO com.alasdoo.developercourseassignment.tests.data.DataInjectionTest [main] Data injected at http://localhost:3000/settings
2020-12-29 15:48:03,276 DEBUG com.alasdoo.developercourseassignment.tests.data.DataInjectionTest [main] Asserting the data injection info...
2020-12-29 15:48:04,787 INFO com.alasdoo.developercourseassignment.tests.data.DataInjectionTest [main] Data successfully asserted.
2020-12-29 15:48:04,787 INFO com.alasdoo.developercourseassignment.tests.data.DataInjectionTest [main] DataInjectionTest finished successfully.
2020-12-29 15:48:11,325 INFO com.alasdoo.developercourseassignment.tests.student.AddNewStudentTest [main] AddNewStudentTest started.
2020-12-29 15:48:12,817 INFO com.alasdoo.developercourseassignment.tests.student.AddNewStudentTest [main] Navigated to http://localhost:3000/student
2020-12-29 15:48:12,817 DEBUG com.alasdoo.developercourseassignment.tests.student.AddNewStudentTest [main] Opening form for addition of new student...
2020-12-29 15:48:13,478 INFO com.alasdoo.developercourseassignment.tests.student.AddNewStudentTest [main] Opened form for student addition at http://localhost:3000/student/new
2020-12-29 15:48:13,478 DEBUG com.alasdoo.developercourseassignment.tests.student.AddNewStudentTest [main] Entering data about student...
2020-12-29 15:48:15,413 DEBUG com.alasdoo.developercourseassignment.tests.student.AddNewStudentTest [main] Confirming entered data...
2020-12-29 15:48:16,158 INFO com.alasdoo.developercourseassignment.tests.student.AddNewStudentTest [main] Added new student: John Doe and navigated to http://localhost:3000/student/21
2020-12-29 15:48:16,158 DEBUG com.alasdoo.developercourseassignment.tests.student.AddNewStudentTest [main] Asserting the entered data...
2020-12-29 15:48:16,215 INFO com.alasdoo.developercourseassignment.tests.student.AddNewStudentTest [main] Data successfully asserted.
2020-12-29 15:48:16,216 INFO com.alasdoo.developercourseassignment.tests.student.AddNewStudentTest [main] AddNewStudentTest successfully finished.
2020-12-29 15:48:22,609 INFO com.alasdoo.developercourseassignment.tests.student.StudentCourseCrudTest [main] StudentCourseCrudTest started.
2020-12-29 15:48:24,359 INFO com.alasdoo.developercourseassignment.tests.student.StudentCourseCrudTest [main] Navigated to http://localhost:3000/student/21
2020-12-29 15:48:24,360 DEBUG com.alasdoo.developercourseassignment.tests.student.StudentCourseCrudTest [main] Opening list of courses student has signed for...
2020-12-29 15:48:24,961 INFO com.alasdoo.developercourseassignment.tests.student.StudentCourseCrudTest [main] Opened student's course list at http://localhost:3000/student/21/courses
2020-12-29 15:48:24,962 DEBUG com.alasdoo.developercourseassignment.tests.student.StudentCourseCrudTest [main] Adding a new course...
2020-12-29 15:48:25,264 DEBUG com.alasdoo.developercourseassignment.tests.student.StudentCourseCrudTest [main] Selecting a course and entering number of classes...
2020-12-29 15:48:26,224 DEBUG com.alasdoo.developercourseassignment.tests.student.StudentCourseCrudTest [main] Confirming selection...
2020-12-29 15:48:26,785 INFO com.alasdoo.developercourseassignment.tests.student.StudentCourseCrudTest [main] Assigned student to a new course: purus, in
2020-12-29 15:48:26,785 DEBUG com.alasdoo.developercourseassignment.tests.student.StudentCourseCrudTest [main] Asserting the entered data...
2020-12-29 15:48:26,815 INFO com.alasdoo.developercourseassignment.tests.student.StudentCourseCrudTest [main] Data successfully asserted.
2020-12-29 15:48:26,844 DEBUG com.alasdoo.developercourseassignment.tests.student.StudentCourseCrudTest [main] Updating number of classes for course with name=purus, in
2020-12-29 15:48:27,682 DEBUG com.alasdoo.developercourseassignment.tests.student.StudentCourseCrudTest [main] Asserting the update data...
2020-12-29 15:48:28,231 INFO com.alasdoo.developercourseassignment.tests.student.StudentCourseCrudTest [main] Data successfully asserted.
2020-12-29 15:48:28,232 DEBUG com.alasdoo.developercourseassignment.tests.student.StudentCourseCrudTest [main] Removing selected course from student's course list...
2020-12-29 15:48:29,254 DEBUG com.alasdoo.developercourseassignment.tests.student.StudentCourseCrudTest [main] Asserting the remove operation...
2020-12-29 15:48:29,532 INFO com.alasdoo.developercourseassignment.tests.student.StudentCourseCrudTest [main] Operation successfully asserted.
2020-12-29 15:48:29,533 INFO com.alasdoo.developercourseassignment.tests.student.StudentCourseCrudTest [main] StudentCourseCrudTest successfully finished.
2020-12-29 15:48:36,498 INFO com.alasdoo.developercourseassignment.tests.student.UpdateDeleteStudentTest [main] UpdateDeleteStudentTest started.
2020-12-29 15:48:37,984 INFO com.alasdoo.developercourseassignment.tests.student.UpdateDeleteStudentTest [main] Navigated to http://localhost:3000/student
2020-12-29 15:48:38,022 DEBUG com.alasdoo.developercourseassignment.tests.student.UpdateDeleteStudentTest [main] Opening list of students in system...
2020-12-29 15:48:38,712 INFO com.alasdoo.developercourseassignment.tests.student.UpdateDeleteStudentTest [main] Opened student list at http://localhost:3000/student/3
2020-12-29 15:48:38,712 DEBUG com.alasdoo.developercourseassignment.tests.student.UpdateDeleteStudentTest [main] Updating personal information about student...
2020-12-29 15:48:40,139 DEBUG com.alasdoo.developercourseassignment.tests.student.UpdateDeleteStudentTest [main] Confirming entered data...
2020-12-29 15:48:40,776 INFO com.alasdoo.developercourseassignment.tests.student.UpdateDeleteStudentTest [main] Updated student: Jack Jackson
2020-12-29 15:48:40,777 DEBUG com.alasdoo.developercourseassignment.tests.student.UpdateDeleteStudentTest [main] Asserting the entered data...
2020-12-29 15:48:40,838 INFO com.alasdoo.developercourseassignment.tests.student.UpdateDeleteStudentTest [main] Data successfully asserted.
2020-12-29 15:48:40,838 DEBUG com.alasdoo.developercourseassignment.tests.student.UpdateDeleteStudentTest [main] Removing selected student from the system...
2020-12-29 15:48:41,335 DEBUG com.alasdoo.developercourseassignment.tests.student.UpdateDeleteStudentTest [main] Asserting the remove operation...
2020-12-29 15:48:51,433 INFO com.alasdoo.developercourseassignment.tests.student.UpdateDeleteStudentTest [main] Operation successfully asserted.
2020-12-29 15:48:51,433 INFO com.alasdoo.developercourseassignment.tests.student.UpdateDeleteStudentTest [main] UpdateDeleteStudentTest successfully finished.
2020-12-29 15:48:57,693 INFO com.alasdoo.developercourseassignment.tests.teacher.AddNewTeacherTest [main] AddNewTeacherTest started.
2020-12-29 15:48:59,223 INFO com.alasdoo.developercourseassignment.tests.teacher.AddNewTeacherTest [main] Navigated to http://localhost:3000/teacher
2020-12-29 15:48:59,224 DEBUG com.alasdoo.developercourseassignment.tests.teacher.AddNewTeacherTest [main] Opening form for addition of new teacher...
2020-12-29 15:48:59,608 INFO com.alasdoo.developercourseassignment.tests.teacher.AddNewTeacherTest [main] Opened form for teacher addition at http://localhost:3000/teacher/new
2020-12-29 15:48:59,608 DEBUG com.alasdoo.developercourseassignment.tests.teacher.AddNewTeacherTest [main] Entering data about teacher...
2020-12-29 15:49:00,763 DEBUG com.alasdoo.developercourseassignment.tests.teacher.AddNewTeacherTest [main] Confirming entered data...
2020-12-29 15:49:01,335 INFO com.alasdoo.developercourseassignment.tests.teacher.AddNewTeacherTest [main] Added new teacher: Marco Marconi and navigated to http://localhost:3000/teacher/21
2020-12-29 15:49:01,336 DEBUG com.alasdoo.developercourseassignment.tests.teacher.AddNewTeacherTest [main] Asserting the entered data...
2020-12-29 15:49:01,392 INFO com.alasdoo.developercourseassignment.tests.teacher.AddNewTeacherTest [main] Data successfully asserted.
2020-12-29 15:49:01,393 INFO com.alasdoo.developercourseassignment.tests.teacher.AddNewTeacherTest [main] AddNewTeacherTest successfully finished.
2020-12-29 15:49:07,670 INFO com.alasdoo.developercourseassignment.tests.teacher.TeacherCourseCrudTest [main] TeacherCourseCrudTest started.
2020-12-29 15:49:09,433 INFO com.alasdoo.developercourseassignment.tests.teacher.TeacherCourseCrudTest [main] Navigated to http://localhost:3000/teacher/21
2020-12-29 15:49:09,433 DEBUG com.alasdoo.developercourseassignment.tests.teacher.TeacherCourseCrudTest [main] Opening list of courses teacher is assigned to...
2020-12-29 15:49:10,021 INFO com.alasdoo.developercourseassignment.tests.teacher.TeacherCourseCrudTest [main] Opened teacher's course list at http://localhost:3000/teacher/21/courses
2020-12-29 15:49:10,021 DEBUG com.alasdoo.developercourseassignment.tests.teacher.TeacherCourseCrudTest [main] Adding a new course...
2020-12-29 15:49:10,341 DEBUG com.alasdoo.developercourseassignment.tests.teacher.TeacherCourseCrudTest [main] Selecting a course and entering number of classes...
2020-12-29 15:49:10,900 DEBUG com.alasdoo.developercourseassignment.tests.teacher.TeacherCourseCrudTest [main] Confirming selection...
2020-12-29 15:49:11,711 INFO com.alasdoo.developercourseassignment.tests.teacher.TeacherCourseCrudTest [main] Assigned teacher to a new course: purus, in
2020-12-29 15:49:11,711 DEBUG com.alasdoo.developercourseassignment.tests.teacher.TeacherCourseCrudTest [main] Asserting the entered data...
2020-12-29 15:49:11,742 INFO com.alasdoo.developercourseassignment.tests.teacher.TeacherCourseCrudTest [main] Data successfully asserted.
2020-12-29 15:49:11,743 DEBUG com.alasdoo.developercourseassignment.tests.teacher.TeacherCourseCrudTest [main] Removing selected course from teacher's course list...
2020-12-29 15:49:12,333 DEBUG com.alasdoo.developercourseassignment.tests.teacher.TeacherCourseCrudTest [main] Asserting the remove operation...
2020-12-29 15:49:12,429 INFO com.alasdoo.developercourseassignment.tests.teacher.TeacherCourseCrudTest [main] Operation successfully asserted.
2020-12-29 15:49:12,429 INFO com.alasdoo.developercourseassignment.tests.teacher.TeacherCourseCrudTest [main] TeacherCourseCrudTest successfully finished.
2020-12-29 15:49:18,859 INFO com.alasdoo.developercourseassignment.tests.teacher.UpdateDeleteTeacherTest [main] UpdateDeleteTeacherTest started.
2020-12-29 15:49:20,374 INFO com.alasdoo.developercourseassignment.tests.teacher.UpdateDeleteTeacherTest [main] Navigated to http://localhost:3000/teacher
2020-12-29 15:49:20,374 DEBUG com.alasdoo.developercourseassignment.tests.teacher.UpdateDeleteTeacherTest [main] Opening list of teachers in system...
2020-12-29 15:49:20,858 INFO com.alasdoo.developercourseassignment.tests.teacher.UpdateDeleteTeacherTest [main] Opened teacher list at http://localhost:3000/teacher/1
2020-12-29 15:49:20,858 DEBUG com.alasdoo.developercourseassignment.tests.teacher.UpdateDeleteTeacherTest [main] Updating personal information about teacher...
2020-12-29 15:49:22,330 DEBUG com.alasdoo.developercourseassignment.tests.teacher.UpdateDeleteTeacherTest [main] Confirming entered data...
2020-12-29 15:49:22,873 INFO com.alasdoo.developercourseassignment.tests.teacher.UpdateDeleteTeacherTest [main] Updated teacher: Magnus Magnusson
2020-12-29 15:49:22,874 DEBUG com.alasdoo.developercourseassignment.tests.teacher.UpdateDeleteTeacherTest [main] Asserting the entered data...
2020-12-29 15:49:22,938 INFO com.alasdoo.developercourseassignment.tests.teacher.UpdateDeleteTeacherTest [main] Data successfully asserted.
2020-12-29 15:49:22,938 DEBUG com.alasdoo.developercourseassignment.tests.teacher.UpdateDeleteTeacherTest [main] Removing selected teacher from the system...
2020-12-29 15:49:23,427 DEBUG com.alasdoo.developercourseassignment.tests.teacher.UpdateDeleteTeacherTest [main] Asserting the remove operation...
2020-12-29 15:49:33,501 INFO com.alasdoo.developercourseassignment.tests.teacher.UpdateDeleteTeacherTest [main] Operation successfully asserted.
2020-12-29 15:49:33,502 INFO com.alasdoo.developercourseassignment.tests.teacher.UpdateDeleteTeacherTest [main] UpdateDeleteTeacherTest successfully finished.
2020-12-29 15:49:39,777 INFO com.alasdoo.developercourseassignment.tests.course.CourseCrudTest [main] CourseCrudTest started.
2020-12-29 15:49:41,474 INFO com.alasdoo.developercourseassignment.tests.course.CourseCrudTest [main] Navigated to http://localhost:3000/course
2020-12-29 15:49:42,077 INFO com.alasdoo.developercourseassignment.tests.course.CourseCrudTest [main] Opened form for addition of new course at http://localhost:3000/course/new
2020-12-29 15:49:43,018 DEBUG com.alasdoo.developercourseassignment.tests.course.CourseCrudTest [main] Entering course data...
2020-12-29 15:49:43,945 INFO com.alasdoo.developercourseassignment.tests.course.CourseCrudTest [main] Created a new course with name=Test course, cost=10 and number of weekly classes=40
2020-12-29 15:49:43,945 DEBUG com.alasdoo.developercourseassignment.tests.course.CourseCrudTest [main] Asserting the entered data...
2020-12-29 15:49:44,039 INFO com.alasdoo.developercourseassignment.tests.course.CourseCrudTest [main] Data successfully asserted.
2020-12-29 15:49:44,043 INFO com.alasdoo.developercourseassignment.tests.course.CourseCrudTest [main] Opened form for course update at http://localhost:3000/course/21
2020-12-29 15:49:45,141 DEBUG com.alasdoo.developercourseassignment.tests.course.CourseCrudTest [main] Entering course update data...
2020-12-29 15:49:45,588 INFO com.alasdoo.developercourseassignment.tests.course.CourseCrudTest [main] Updated a course with following data: name=Updated test course, cost=12 and number of weekly classes=42
2020-12-29 15:49:45,588 DEBUG com.alasdoo.developercourseassignment.tests.course.CourseCrudTest [main] Asserting the update data...
2020-12-29 15:49:45,683 INFO com.alasdoo.developercourseassignment.tests.course.CourseCrudTest [main] Data successfully asserted.
2020-12-29 15:49:46,118 INFO com.alasdoo.developercourseassignment.tests.course.CourseCrudTest [main] Removed selected course and navigated to http://localhost:3000/course
2020-12-29 15:49:46,118 DEBUG com.alasdoo.developercourseassignment.tests.course.CourseCrudTest [main] Asserting the remove operation...
2020-12-29 15:49:56,181 INFO com.alasdoo.developercourseassignment.tests.course.CourseCrudTest [main] Operation successfully asserted.
2020-12-29 15:49:56,182 INFO com.alasdoo.developercourseassignment.tests.course.CourseCrudTest [main] CourseCrudTest finished successfully.
